<?xml version="1.0" encoding="UTF-8"?>
<coverage generated="1773674277617" clover="3.2.0">
  <project timestamp="1773674277617" name="All files">
    <metrics statements="83" coveredstatements="43" conditionals="88" coveredconditionals="45" methods="17" coveredmethods="8" elements="188" coveredelements="96" complexity="0" loc="83" ncloc="83" packages="2" files="6" classes="6"/>
    <package name="components">
      <metrics statements="79" coveredstatements="39" conditionals="88" coveredconditionals="45" methods="17" coveredmethods="8"/>
      <file name="AdoptionCard.tsx" path="/Users/zhaoqiang/Dedema/pet-platform-map-rescue-info/frontend/src/components/AdoptionCard.tsx">
        <metrics statements="8" coveredstatements="7" conditionals="18" coveredconditionals="14" methods="2" coveredmethods="1"/>
        <line num="11" count="1" type="stmt"/>
        <line num="18" count="1" type="stmt"/>
        <line num="24" count="1" type="stmt"/>
        <line num="29" count="1" type="stmt"/>
        <line num="30" count="4" type="cond" truecount="1" falsecount="1"/>
        <line num="32" count="4" type="stmt"/>
        <line num="35" count="0" type="stmt"/>
        <line num="112" count="1" type="stmt"/>
      </file>
      <file name="ImageUploader.tsx" path="/Users/zhaoqiang/Dedema/pet-platform-map-rescue-info/frontend/src/components/ImageUploader.tsx">
        <metrics statements="31" coveredstatements="7" conditionals="22" coveredconditionals="6" methods="6" coveredmethods="2"/>
        <line num="21" count="1" type="stmt"/>
        <line num="27" count="3" type="stmt"/>
        <line num="28" count="0" type="cond" truecount="0" falsecount="2"/>
        <line num="29" count="0" type="stmt"/>
        <line num="30" count="0" type="stmt"/>
        <line num="33" count="0" type="stmt"/>
        <line num="35" count="0" type="cond" truecount="0" falsecount="2"/>
        <line num="36" count="0" type="stmt"/>
        <line num="37" count="0" type="stmt"/>
        <line num="40" count="0" type="stmt"/>
        <line num="47" count="0" type="cond" truecount="0" falsecount="4"/>
        <line num="48" count="0" type="stmt"/>
        <line num="52" count="3" type="stmt"/>
        <line num="53" count="0" type="cond" truecount="0" falsecount="2"/>
        <line num="54" count="0" type="stmt"/>
        <line num="55" count="0" type="stmt"/>
        <line num="58" count="0" type="stmt"/>
        <line num="60" count="0" type="cond" truecount="0" falsecount="2"/>
        <line num="61" count="0" type="stmt"/>
        <line num="62" count="0" type="stmt"/>
        <line num="65" count="0" type="stmt"/>
        <line num="71" count="0" type="cond" truecount="0" falsecount="4"/>
        <line num="72" count="0" type="stmt"/>
        <line num="76" count="3" type="stmt"/>
        <line num="77" count="0" type="stmt"/>
        <line num="78" count="0" type="stmt"/>
        <line num="79" count="0" type="stmt"/>
        <line num="82" count="3" type="stmt"/>
        <line num="94" count="3" type="stmt"/>
        <line num="98" count="0" type="stmt"/>
        <line num="127" count="1" type="stmt"/>
      </file>
      <file name="LocationPicker.tsx" path="/Users/zhaoqiang/Dedema/pet-platform-map-rescue-info/frontend/src/components/LocationPicker.tsx">
        <metrics statements="25" coveredstatements="12" conditionals="26" coveredconditionals="10" methods="5" coveredmethods="3"/>
        <line num="21" count="1" type="stmt"/>
        <line num="27" count="3" type="stmt"/>
        <line num="28" count="3" type="cond" truecount="2" falsecount="0"/>
        <line num="30" count="3" type="stmt"/>
        <line num="31" count="3" type="stmt"/>
        <line num="34" count="3" type="stmt"/>
        <line num="35" count="3" type="stmt"/>
        <line num="36" count="3" type="cond" truecount="1" falsecount="1"/>
        <line num="37" count="0" type="stmt"/>
        <line num="41" count="3" type="stmt"/>
        <line num="42" count="0" type="stmt"/>
        <line num="43" count="0" type="stmt"/>
        <line num="44" count="0" type="stmt"/>
        <line num="49" count="0" type="stmt"/>
        <line num="54" count="0" type="cond" truecount="0" falsecount="2"/>
        <line num="58" count="0" type="stmt"/>
        <line num="63" count="0" type="stmt"/>
        <line num="65" count="0" type="stmt"/>
        <line num="67" count="0" type="stmt"/>
        <line num="71" count="3" type="stmt"/>
        <line num="72" count="0" type="stmt"/>
        <line num="73" count="0" type="cond" truecount="0" falsecount="4"/>
        <line num="74" count="0" type="stmt"/>
        <line num="78" count="3" type="stmt"/>
        <line num="123" count="1" type="stmt"/>
      </file>
      <file name="MapMarker.tsx" path="/Users/zhaoqiang/Dedema/pet-platform-map-rescue-info/frontend/src/components/MapMarker.tsx">
        <metrics statements="7" coveredstatements="6" conditionals="6" coveredconditionals="5" methods="2" coveredmethods="1"/>
        <line num="15" count="1" type="stmt"/>
        <line num="23" count="4" type="cond" truecount="1" falsecount="1"/>
        <line num="24" count="4" type="cond" truecount="4" falsecount="0"/>
        <line num="26" count="4" type="stmt"/>
        <line num="27" count="0" type="stmt"/>
        <line num="30" count="4" type="stmt"/>
        <line num="42" count="1" type="stmt"/>
      </file>
      <file name="RescueCard.tsx" path="/Users/zhaoqiang/Dedema/pet-platform-map-rescue-info/frontend/src/components/RescueCard.tsx">
        <metrics statements="8" coveredstatements="7" conditionals="16" coveredconditionals="10" methods="2" coveredmethods="1"/>
        <line num="11" count="1" type="stmt"/>
        <line num="20" count="1" type="stmt"/>
        <line num="26" count="1" type="stmt"/>
        <line num="27" count="5" type="cond" truecount="2" falsecount="0"/>
        <line num="28" count="5" type="cond" truecount="1" falsecount="1"/>
        <line num="30" count="5" type="stmt"/>
        <line num="33" count="0" type="stmt"/>
        <line num="88" count="1" type="stmt"/>
      </file>
    </package>
    <package name="constants">
      <metrics statements="4" coveredstatements="4" conditionals="0" coveredconditionals="0" methods="0" coveredmethods="0"/>
      <file name="colors.ts" path="/Users/zhaoqiang/Dedema/pet-platform-map-rescue-info/frontend/src/constants/colors.ts">
        <metrics statements="4" coveredstatements="4" conditionals="0" coveredconditionals="0" methods="0" coveredmethods="0"/>
        <line num="3" count="4" type="stmt"/>
        <line num="12" count="4" type="stmt"/>
        <line num="32" count="4" type="stmt"/>
        <line num="39" count="4" type="stmt"/>
      </file>
    </package>
  </project>
</coverage>
