{"/Users/zhaoqiang/Dedema/pet-platform-map-rescue-info/frontend/src/components/AdoptionCard.tsx": {"path":"/Users/zhaoqiang/Dedema/pet-platform-map-rescue-info/frontend/src/components/AdoptionCard.tsx","statementMap":{"0":{"start":{"line":11,"column":54},"end":{"line":16,"column":1}},"1":{"start":{"line":18,"column":43},"end":{"line":22,"column":1}},"2":{"start":{"line":24,"column":46},"end":{"line":27,"column":1}},"3":{"start":{"line":29,"column":57},"end":{"line":110,"column":1}},"4":{"start":{"line":30,"column":22},"end":{"line":30,"column":73}},"5":{"start":{"line":32,"column":2},"end":{"line":109,"column":4}},"6":{"start":{"line":35,"column":21},"end":{"line":35,"column":43}},"7":{"start":{"line":112,"column":15},"end":{"line":213,"column":2}}},"fnMap":{"0":{"name":"(anonymous_0)","decl":{"start":{"line":29,"column":57},"end":{"line":29,"column":58}},"loc":{"start":{"line":29,"column":84},"end":{"line":110,"column":1}},"line":29},"1":{"name":"(anonymous_1)","decl":{"start":{"line":35,"column":15},"end":{"line":35,"column":16}},"loc":{"start":{"line":35,"column":21},"end":{"line":35,"column":43}},"line":35}},"branchMap":{"0":{"loc":{"start":{"line":30,"column":22},"end":{"line":30,"column":73}},"type":"binary-expr","locations":[{"start":{"line":30,"column":22},"end":{"line":30,"column":60}},{"start":{"line":30,"column":64},"end":{"line":30,"column":73}}],"line":30},"1":{"loc":{"start":{"line":40,"column":9},"end":{"line":50,"column":9}},"type":"cond-expr","locations":[{"start":{"line":41,"column":10},"end":{"line":45,"column":12}},{"start":{"line":47,"column":10},"end":{"line":49,"column":17}}],"line":40},"2":{"loc":{"start":{"line":40,"column":9},"end":{"line":40,"column":54}},"type":"binary-expr","locations":[{"start":{"line":40,"column":9},"end":{"line":40,"column":24}},{"start":{"line":40,"column":28},"end":{"line":40,"column":54}}],"line":40},"3":{"loc":{"start":{"line":62,"column":13},"end":{"line":62,"column":44}},"type":"binary-expr","locations":[{"start":{"line":62,"column":13},"end":{"line":62,"column":26}},{"start":{"line":62,"column":30},"end":{"line":62,"column":44}}],"line":62},"4":{"loc":{"start":{"line":81,"column":9},"end":{"line":85,"column":9}},"type":"binary-expr","locations":[{"start":{"line":81,"column":9},"end":{"line":81,"column":29}},{"start":{"line":82,"column":10},"end":{"line":84,"column":17}}],"line":81},"5":{"loc":{"start":{"line":88,"column":9},"end":{"line":106,"column":9}},"type":"binary-expr","locations":[{"start":{"line":88,"column":9},"end":{"line":88,"column":30}},{"start":{"line":89,"column":10},"end":{"line":105,"column":17}}],"line":88},"6":{"loc":{"start":{"line":90,"column":13},"end":{"line":94,"column":13}},"type":"binary-expr","locations":[{"start":{"line":90,"column":13},"end":{"line":90,"column":45}},{"start":{"line":91,"column":14},"end":{"line":93,"column":21}}],"line":90},"7":{"loc":{"start":{"line":95,"column":13},"end":{"line":99,"column":13}},"type":"binary-expr","locations":[{"start":{"line":95,"column":13},"end":{"line":95,"column":43}},{"start":{"line":96,"column":14},"end":{"line":98,"column":21}}],"line":95},"8":{"loc":{"start":{"line":100,"column":13},"end":{"line":104,"column":13}},"type":"binary-expr","locations":[{"start":{"line":100,"column":13},"end":{"line":100,"column":43}},{"start":{"line":101,"column":14},"end":{"line":103,"column":21}}],"line":100}},"s":{"0":1,"1":1,"2":1,"3":1,"4":4,"5":4,"6":0,"7":1},"f":{"0":4,"1":0},"b":{"0":[4,0],"1":[4,0],"2":[4,4],"3":[4,0],"4":[4,4],"5":[4,4],"6":[4,4],"7":[4,4],"8":[4,0]},"_coverageSchema":"1a1c01bbd47fc00a2c39e90264f33305004495a9","hash":"d0295f91fe0fd5577ac87355e6ec2727b5009273"}
,"/Users/zhaoqiang/Dedema/pet-platform-map-rescue-info/frontend/src/components/ImageUploader.tsx": {"path":"/Users/zhaoqiang/Dedema/pet-platform-map-rescue-info/frontend/src/components/ImageUploader.tsx","statementMap":{"0":{"start":{"line":21,"column":59},"end":{"line":125,"column":1}},"1":{"start":{"line":27,"column":20},"end":{"line":50,"column":3}},"2":{"start":{"line":28,"column":4},"end":{"line":31,"column":5}},"3":{"start":{"line":29,"column":6},"end":{"line":29,"column":46}},"4":{"start":{"line":30,"column":6},"end":{"line":30,"column":13}},"5":{"start":{"line":33,"column":29},"end":{"line":33,"column":84}},"6":{"start":{"line":35,"column":4},"end":{"line":38,"column":5}},"7":{"start":{"line":36,"column":6},"end":{"line":36,"column":44}},"8":{"start":{"line":37,"column":6},"end":{"line":37,"column":13}},"9":{"start":{"line":40,"column":19},"end":{"line":45,"column":6}},"10":{"start":{"line":47,"column":4},"end":{"line":49,"column":5}},"11":{"start":{"line":48,"column":6},"end":{"line":48,"column":50}},"12":{"start":{"line":52,"column":20},"end":{"line":74,"column":3}},"13":{"start":{"line":53,"column":4},"end":{"line":56,"column":5}},"14":{"start":{"line":54,"column":6},"end":{"line":54,"column":46}},"15":{"start":{"line":55,"column":6},"end":{"line":55,"column":13}},"16":{"start":{"line":58,"column":29},"end":{"line":58,"column":78}},"17":{"start":{"line":60,"column":4},"end":{"line":63,"column":5}},"18":{"start":{"line":61,"column":6},"end":{"line":61,"column":42}},"19":{"start":{"line":62,"column":6},"end":{"line":62,"column":13}},"20":{"start":{"line":65,"column":19},"end":{"line":69,"column":6}},"21":{"start":{"line":71,"column":4},"end":{"line":73,"column":5}},"22":{"start":{"line":72,"column":6},"end":{"line":72,"column":50}},"23":{"start":{"line":76,"column":22},"end":{"line":80,"column":3}},"24":{"start":{"line":77,"column":22},"end":{"line":77,"column":33}},"25":{"start":{"line":78,"column":4},"end":{"line":78,"column":31}},"26":{"start":{"line":79,"column":4},"end":{"line":79,"column":24}},"27":{"start":{"line":82,"column":2},"end":{"line":124,"column":4}},"28":{"start":{"line":94,"column":12},"end":{"line":102,"column":19}},"29":{"start":{"line":98,"column":31},"end":{"line":98,"column":49}},"30":{"start":{"line":127,"column":15},"end":{"line":203,"column":2}}},"fnMap":{"0":{"name":"(anonymous_0)","decl":{"start":{"line":21,"column":59},"end":{"line":21,"column":60}},"loc":{"start":{"line":26,"column":6},"end":{"line":125,"column":1}},"line":26},"1":{"name":"(anonymous_1)","decl":{"start":{"line":27,"column":20},"end":{"line":27,"column":21}},"loc":{"start":{"line":27,"column":32},"end":{"line":50,"column":3}},"line":27},"2":{"name":"(anonymous_2)","decl":{"start":{"line":52,"column":20},"end":{"line":52,"column":21}},"loc":{"start":{"line":52,"column":32},"end":{"line":74,"column":3}},"line":52},"3":{"name":"(anonymous_3)","decl":{"start":{"line":76,"column":22},"end":{"line":76,"column":23}},"loc":{"start":{"line":76,"column":41},"end":{"line":80,"column":3}},"line":76},"4":{"name":"(anonymous_4)","decl":{"start":{"line":93,"column":22},"end":{"line":93,"column":23}},"loc":{"start":{"line":94,"column":12},"end":{"line":102,"column":19}},"line":94},"5":{"name":"(anonymous_5)","decl":{"start":{"line":98,"column":25},"end":{"line":98,"column":26}},"loc":{"start":{"line":98,"column":31},"end":{"line":98,"column":49}},"line":98}},"branchMap":{"0":{"loc":{"start":{"line":24,"column":2},"end":{"line":24,"column":14}},"type":"default-arg","locations":[{"start":{"line":24,"column":13},"end":{"line":24,"column":14}}],"line":24},"1":{"loc":{"start":{"line":25,"column":2},"end":{"line":25,"column":14}},"type":"default-arg","locations":[{"start":{"line":25,"column":13},"end":{"line":25,"column":14}}],"line":25},"2":{"loc":{"start":{"line":28,"column":4},"end":{"line":31,"column":5}},"type":"if","locations":[{"start":{"line":28,"column":4},"end":{"line":31,"column":5}},{"start":{},"end":{}}],"line":28},"3":{"loc":{"start":{"line":35,"column":4},"end":{"line":38,"column":5}},"type":"if","locations":[{"start":{"line":35,"column":4},"end":{"line":38,"column":5}},{"start":{},"end":{}}],"line":35},"4":{"loc":{"start":{"line":47,"column":4},"end":{"line":49,"column":5}},"type":"if","locations":[{"start":{"line":47,"column":4},"end":{"line":49,"column":5}},{"start":{},"end":{}}],"line":47},"5":{"loc":{"start":{"line":47,"column":8},"end":{"line":47,"column":44}},"type":"binary-expr","locations":[{"start":{"line":47,"column":8},"end":{"line":47,"column":24}},{"start":{"line":47,"column":28},"end":{"line":47,"column":44}}],"line":47},"6":{"loc":{"start":{"line":53,"column":4},"end":{"line":56,"column":5}},"type":"if","locations":[{"start":{"line":53,"column":4},"end":{"line":56,"column":5}},{"start":{},"end":{}}],"line":53},"7":{"loc":{"start":{"line":60,"column":4},"end":{"line":63,"column":5}},"type":"if","locations":[{"start":{"line":60,"column":4},"end":{"line":63,"column":5}},{"start":{},"end":{}}],"line":60},"8":{"loc":{"start":{"line":71,"column":4},"end":{"line":73,"column":5}},"type":"if","locations":[{"start":{"line":71,"column":4},"end":{"line":73,"column":5}},{"start":{},"end":{}}],"line":71},"9":{"loc":{"start":{"line":71,"column":8},"end":{"line":71,"column":44}},"type":"binary-expr","locations":[{"start":{"line":71,"column":8},"end":{"line":71,"column":24}},{"start":{"line":71,"column":28},"end":{"line":71,"column":44}}],"line":71},"10":{"loc":{"start":{"line":105,"column":11},"end":{"line":116,"column":11}},"type":"binary-expr","locations":[{"start":{"line":105,"column":11},"end":{"line":105,"column":35}},{"start":{"line":106,"column":12},"end":{"line":115,"column":19}}],"line":105},"11":{"loc":{"start":{"line":120,"column":7},"end":{"line":122,"column":7}},"type":"binary-expr","locations":[{"start":{"line":120,"column":7},"end":{"line":120,"column":31}},{"start":{"line":121,"column":8},"end":{"line":121,"column":59}}],"line":120}},"s":{"0":1,"1":3,"2":0,"3":0,"4":0,"5":0,"6":0,"7":0,"8":0,"9":0,"10":0,"11":0,"12":3,"13":0,"14":0,"15":0,"16":0,"17":0,"18":0,"19":0,"20":0,"21":0,"22":0,"23":3,"24":0,"25":0,"26":0,"27":3,"28":3,"29":0,"30":1},"f":{"0":3,"1":0,"2":0,"3":0,"4":3,"5":0},"b":{"0":[3],"1":[3],"2":[0,0],"3":[0,0],"4":[0,0],"5":[0,0],"6":[0,0],"7":[0,0],"8":[0,0],"9":[0,0],"10":[3,3],"11":[3,1]},"_coverageSchema":"1a1c01bbd47fc00a2c39e90264f33305004495a9","hash":"38197900fe446790f02cc0d96fdf2b13829419a3"}
,"/Users/zhaoqiang/Dedema/pet-platform-map-rescue-info/frontend/src/components/LocationPicker.tsx": {"path":"/Users/zhaoqiang/Dedema/pet-platform-map-rescue-info/frontend/src/components/LocationPicker.tsx","statementMap":{"0":{"start":{"line":21,"column":61},"end":{"line":121,"column":1}},"1":{"start":{"line":27,"column":32},"end":{"line":27,"column":47}},"2":{"start":{"line":28,"column":44},"end":{"line":28,"column":67}},"3":{"start":{"line":30,"column":2},"end":{"line":32,"column":9}},"4":{"start":{"line":31,"column":4},"end":{"line":31,"column":32}},"5":{"start":{"line":34,"column":36},"end":{"line":39,"column":3}},"6":{"start":{"line":35,"column":23},"end":{"line":35,"column":73}},"7":{"start":{"line":36,"column":4},"end":{"line":38,"column":5}},"8":{"start":{"line":37,"column":6},"end":{"line":37,"column":44}},"9":{"start":{"line":41,"column":29},"end":{"line":69,"column":3}},"10":{"start":{"line":42,"column":4},"end":{"line":42,"column":21}},"11":{"start":{"line":43,"column":4},"end":{"line":68,"column":5}},"12":{"start":{"line":44,"column":23},"end":{"line":46,"column":8}},"13":{"start":{"line":49,"column":30},"end":{"line":52,"column":8}},"14":{"start":{"line":54,"column":26},"end":{"line":56,"column":12}},"15":{"start":{"line":58,"column":6},"end":{"line":62,"column":8}},"16":{"start":{"line":63,"column":6},"end":{"line":63,"column":36}},"17":{"start":{"line":65,"column":6},"end":{"line":65,"column":48}},"18":{"start":{"line":67,"column":6},"end":{"line":67,"column":24}},"19":{"start":{"line":71,"column":30},"end":{"line":76,"column":3}},"20":{"start":{"line":72,"column":4},"end":{"line":72,"column":27}},"21":{"start":{"line":73,"column":4},"end":{"line":75,"column":5}},"22":{"start":{"line":74,"column":6},"end":{"line":74,"column":50}},"23":{"start":{"line":78,"column":2},"end":{"line":120,"column":4}},"24":{"start":{"line":123,"column":15},"end":{"line":181,"column":2}}},"fnMap":{"0":{"name":"(anonymous_0)","decl":{"start":{"line":21,"column":61},"end":{"line":21,"column":62}},"loc":{"start":{"line":26,"column":6},"end":{"line":121,"column":1}},"line":26},"1":{"name":"(anonymous_1)","decl":{"start":{"line":30,"column":12},"end":{"line":30,"column":13}},"loc":{"start":{"line":30,"column":18},"end":{"line":32,"column":3}},"line":30},"2":{"name":"(anonymous_2)","decl":{"start":{"line":34,"column":36},"end":{"line":34,"column":37}},"loc":{"start":{"line":34,"column":48},"end":{"line":39,"column":3}},"line":34},"3":{"name":"(anonymous_3)","decl":{"start":{"line":41,"column":29},"end":{"line":41,"column":30}},"loc":{"start":{"line":41,"column":41},"end":{"line":69,"column":3}},"line":41},"4":{"name":"(anonymous_4)","decl":{"start":{"line":71,"column":30},"end":{"line":71,"column":31}},"loc":{"start":{"line":71,"column":48},"end":{"line":76,"column":3}},"line":71}},"branchMap":{"0":{"loc":{"start":{"line":28,"column":53},"end":{"line":28,"column":66}},"type":"binary-expr","locations":[{"start":{"line":28,"column":53},"end":{"line":28,"column":60}},{"start":{"line":28,"column":64},"end":{"line":28,"column":66}}],"line":28},"1":{"loc":{"start":{"line":36,"column":4},"end":{"line":38,"column":5}},"type":"if","locations":[{"start":{"line":36,"column":4},"end":{"line":38,"column":5}},{"start":{},"end":{}}],"line":36},"2":{"loc":{"start":{"line":54,"column":26},"end":{"line":56,"column":12}},"type":"cond-expr","locations":[{"start":{"line":55,"column":10},"end":{"line":55,"column":128}},{"start":{"line":56,"column":10},"end":{"line":56,"column":12}}],"line":54},"3":{"loc":{"start":{"line":55,"column":13},"end":{"line":55,"column":39}},"type":"binary-expr","locations":[{"start":{"line":55,"column":13},"end":{"line":55,"column":33}},{"start":{"line":55,"column":37},"end":{"line":55,"column":39}}],"line":55},"4":{"loc":{"start":{"line":55,"column":42},"end":{"line":55,"column":66}},"type":"binary-expr","locations":[{"start":{"line":55,"column":42},"end":{"line":55,"column":60}},{"start":{"line":55,"column":64},"end":{"line":55,"column":66}}],"line":55},"5":{"loc":{"start":{"line":55,"column":69},"end":{"line":55,"column":97}},"type":"binary-expr","locations":[{"start":{"line":55,"column":69},"end":{"line":55,"column":91}},{"start":{"line":55,"column":95},"end":{"line":55,"column":97}}],"line":55},"6":{"loc":{"start":{"line":55,"column":100},"end":{"line":55,"column":126}},"type":"binary-expr","locations":[{"start":{"line":55,"column":100},"end":{"line":55,"column":120}},{"start":{"line":55,"column":124},"end":{"line":55,"column":126}}],"line":55},"7":{"loc":{"start":{"line":73,"column":4},"end":{"line":75,"column":5}},"type":"if","locations":[{"start":{"line":73,"column":4},"end":{"line":75,"column":5}},{"start":{},"end":{}}],"line":73},"8":{"loc":{"start":{"line":73,"column":8},"end":{"line":73,"column":29}},"type":"binary-expr","locations":[{"start":{"line":73,"column":8},"end":{"line":73,"column":16}},{"start":{"line":73,"column":20},"end":{"line":73,"column":29}}],"line":73},"9":{"loc":{"start":{"line":82,"column":9},"end":{"line":86,"column":9}},"type":"binary-expr","locations":[{"start":{"line":82,"column":9},"end":{"line":82,"column":17}},{"start":{"line":82,"column":21},"end":{"line":82,"column":30}},{"start":{"line":83,"column":10},"end":{"line":85,"column":17}}],"line":82},"10":{"loc":{"start":{"line":94,"column":9},"end":{"line":101,"column":9}},"type":"cond-expr","locations":[{"start":{"line":95,"column":10},"end":{"line":95,"column":44}},{"start":{"line":97,"column":10},"end":{"line":100,"column":13}}],"line":94},"11":{"loc":{"start":{"line":116,"column":7},"end":{"line":118,"column":7}},"type":"binary-expr","locations":[{"start":{"line":116,"column":7},"end":{"line":116,"column":16}},{"start":{"line":116,"column":20},"end":{"line":116,"column":30}},{"start":{"line":117,"column":8},"end":{"line":117,"column":52}}],"line":116}},"s":{"0":1,"1":3,"2":3,"3":3,"4":3,"5":3,"6":3,"7":3,"8":0,"9":3,"10":0,"11":0,"12":0,"13":0,"14":0,"15":0,"16":0,"17":0,"18":0,"19":3,"20":0,"21":0,"22":0,"23":3,"24":1},"f":{"0":3,"1":3,"2":3,"3":0,"4":0},"b":{"0":[3,1],"1":[0,3],"2":[0,0],"3":[0,0],"4":[0,0],"5":[0,0],"6":[0,0],"7":[0,0],"8":[0,0],"9":[3,2,2],"10":[0,3],"11":[3,1,1]},"_coverageSchema":"1a1c01bbd47fc00a2c39e90264f33305004495a9","hash":"c03e0fd90a1f4e211ca46ed3e1f65d2a5d882473"}
,"/Users/zhaoqiang/Dedema/pet-platform-map-rescue-info/frontend/src/components/MapMarker.tsx": {"path":"/Users/zhaoqiang/Dedema/pet-platform-map-rescue-info/frontend/src/components/MapMarker.tsx","statementMap":{"0":{"start":{"line":15,"column":51},"end":{"line":40,"column":1}},"1":{"start":{"line":23,"column":16},"end":{"line":23,"column":64}},"2":{"start":{"line":24,"column":22},"end":{"line":24,"column":86}},"3":{"start":{"line":26,"column":22},"end":{"line":28,"column":3}},"4":{"start":{"line":27,"column":4},"end":{"line":27,"column":18}},"5":{"start":{"line":30,"column":2},"end":{"line":39,"column":4}},"6":{"start":{"line":42,"column":15},"end":{"line":72,"column":2}}},"fnMap":{"0":{"name":"(anonymous_0)","decl":{"start":{"line":15,"column":51},"end":{"line":15,"column":52}},"loc":{"start":{"line":22,"column":6},"end":{"line":40,"column":1}},"line":22},"1":{"name":"(anonymous_1)","decl":{"start":{"line":26,"column":22},"end":{"line":26,"column":23}},"loc":{"start":{"line":26,"column":28},"end":{"line":28,"column":3}},"line":26}},"branchMap":{"0":{"loc":{"start":{"line":23,"column":16},"end":{"line":23,"column":64}},"type":"binary-expr","locations":[{"start":{"line":23,"column":16},"end":{"line":23,"column":42}},{"start":{"line":23,"column":46},"end":{"line":23,"column":64}}],"line":23},"1":{"loc":{"start":{"line":24,"column":22},"end":{"line":24,"column":86}},"type":"cond-expr","locations":[{"start":{"line":24,"column":45},"end":{"line":24,"column":49}},{"start":{"line":24,"column":52},"end":{"line":24,"column":86}}],"line":24},"2":{"loc":{"start":{"line":24,"column":52},"end":{"line":24,"column":86}},"type":"cond-expr","locations":[{"start":{"line":24,"column":75},"end":{"line":24,"column":79}},{"start":{"line":24,"column":82},"end":{"line":24,"column":86}}],"line":24}},"s":{"0":1,"1":4,"2":4,"3":4,"4":0,"5":4,"6":1},"f":{"0":4,"1":0},"b":{"0":[4,0],"1":[2,2],"2":[1,1]},"_coverageSchema":"1a1c01bbd47fc00a2c39e90264f33305004495a9","hash":"7c10a6bd45d16d745595c9257a1b61a76b17b356"}
,"/Users/zhaoqiang/Dedema/pet-platform-map-rescue-info/frontend/src/components/RescueCard.tsx": {"path":"/Users/zhaoqiang/Dedema/pet-platform-map-rescue-info/frontend/src/components/RescueCard.tsx","statementMap":{"0":{"start":{"line":11,"column":52},"end":{"line":18,"column":1}},"1":{"start":{"line":20,"column":55},"end":{"line":24,"column":1}},"2":{"start":{"line":26,"column":53},"end":{"line":86,"column":1}},"3":{"start":{"line":27,"column":22},"end":{"line":27,"column":69}},"4":{"start":{"line":28,"column":22},"end":{"line":28,"column":67}},"5":{"start":{"line":30,"column":2},"end":{"line":85,"column":4}},"6":{"start":{"line":33,"column":21},"end":{"line":33,"column":41}},"7":{"start":{"line":88,"column":15},"end":{"line":168,"column":2}}},"fnMap":{"0":{"name":"(anonymous_0)","decl":{"start":{"line":26,"column":53},"end":{"line":26,"column":54}},"loc":{"start":{"line":26,"column":78},"end":{"line":86,"column":1}},"line":26},"1":{"name":"(anonymous_1)","decl":{"start":{"line":33,"column":15},"end":{"line":33,"column":16}},"loc":{"start":{"line":33,"column":21},"end":{"line":33,"column":41}},"line":33}},"branchMap":{"0":{"loc":{"start":{"line":27,"column":22},"end":{"line":27,"column":69}},"type":"binary-expr","locations":[{"start":{"line":27,"column":22},"end":{"line":27,"column":56}},{"start":{"line":27,"column":60},"end":{"line":27,"column":69}}],"line":27},"1":{"loc":{"start":{"line":28,"column":22},"end":{"line":28,"column":67}},"type":"binary-expr","locations":[{"start":{"line":28,"column":22},"end":{"line":28,"column":59}},{"start":{"line":28,"column":63},"end":{"line":28,"column":67}}],"line":28},"2":{"loc":{"start":{"line":38,"column":9},"end":{"line":50,"column":9}},"type":"cond-expr","locations":[{"start":{"line":39,"column":10},"end":{"line":43,"column":12}},{"start":{"line":45,"column":10},"end":{"line":49,"column":17}}],"line":38},"3":{"loc":{"start":{"line":38,"column":9},"end":{"line":38,"column":50}},"type":"binary-expr","locations":[{"start":{"line":38,"column":9},"end":{"line":38,"column":22}},{"start":{"line":38,"column":26},"end":{"line":38,"column":50}}],"line":38},"4":{"loc":{"start":{"line":47,"column":15},"end":{"line":47,"column":93}},"type":"cond-expr","locations":[{"start":{"line":47,"column":45},"end":{"line":47,"column":49}},{"start":{"line":47,"column":52},"end":{"line":47,"column":93}}],"line":47},"5":{"loc":{"start":{"line":47,"column":52},"end":{"line":47,"column":93}},"type":"cond-expr","locations":[{"start":{"line":47,"column":82},"end":{"line":47,"column":86}},{"start":{"line":47,"column":89},"end":{"line":47,"column":93}}],"line":47},"6":{"loc":{"start":{"line":69,"column":9},"end":{"line":76,"column":9}},"type":"binary-expr","locations":[{"start":{"line":69,"column":9},"end":{"line":69,"column":23}},{"start":{"line":70,"column":10},"end":{"line":75,"column":17}}],"line":69},"7":{"loc":{"start":{"line":78,"column":9},"end":{"line":82,"column":9}},"type":"binary-expr","locations":[{"start":{"line":78,"column":9},"end":{"line":78,"column":27}},{"start":{"line":79,"column":10},"end":{"line":81,"column":17}}],"line":78}},"s":{"0":1,"1":1,"2":1,"3":5,"4":5,"5":5,"6":0,"7":1},"f":{"0":5,"1":0},"b":{"0":[5,4],"1":[5,0],"2":[5,0],"3":[5,5],"4":[0,0],"5":[0,0],"6":[5,5],"7":[5,5]},"_coverageSchema":"1a1c01bbd47fc00a2c39e90264f33305004495a9","hash":"3092689678f3d36de47ea847707231a32747c6ae"}
,"/Users/zhaoqiang/Dedema/pet-platform-map-rescue-info/frontend/src/constants/colors.ts": {"path":"/Users/zhaoqiang/Dedema/pet-platform-map-rescue-info/frontend/src/constants/colors.ts","statementMap":{"0":{"start":{"line":3,"column":29},"end":{"line":9,"column":10}},"1":{"start":{"line":12,"column":29},"end":{"line":29,"column":10}},"2":{"start":{"line":32,"column":34},"end":{"line":36,"column":10}},"3":{"start":{"line":39,"column":28},"end":{"line":50,"column":10}}},"fnMap":{},"branchMap":{},"s":{"0":4,"1":4,"2":4,"3":4},"f":{},"b":{},"_coverageSchema":"1a1c01bbd47fc00a2c39e90264f33305004495a9","hash":"0f9e75cb1a7b3318aaee629672ade746ecfdc502"}
}
