TN:
SF:src/components/AdoptionCard.tsx
FN:29,(anonymous_0)
FN:35,(anonymous_1)
FNF:2
FNH:1
FNDA:4,(anonymous_0)
FNDA:0,(anonymous_1)
DA:11,1
DA:18,1
DA:24,1
DA:29,1
DA:30,4
DA:32,4
DA:35,0
DA:112,1
LF:8
LH:7
BRDA:30,0,0,4
BRDA:30,0,1,0
BRDA:40,1,0,4
BRDA:40,1,1,0
BRDA:40,2,0,4
BRDA:40,2,1,4
BRDA:62,3,0,4
BRDA:62,3,1,0
BRDA:81,4,0,4
BRDA:81,4,1,4
BRDA:88,5,0,4
BRDA:88,5,1,4
BRDA:90,6,0,4
BRDA:90,6,1,4
BRDA:95,7,0,4
BRDA:95,7,1,4
BRDA:100,8,0,4
BRDA:100,8,1,0
BRF:18
BRH:14
end_of_record
TN:
SF:src/components/ImageUploader.tsx
FN:21,(anonymous_0)
FN:27,(anonymous_1)
FN:52,(anonymous_2)
FN:76,(anonymous_3)
FN:93,(anonymous_4)
FN:98,(anonymous_5)
FNF:6
FNH:2
FNDA:3,(anonymous_0)
FNDA:0,(anonymous_1)
FNDA:0,(anonymous_2)
FNDA:0,(anonymous_3)
FNDA:3,(anonymous_4)
FNDA:0,(anonymous_5)
DA:21,1
DA:27,3
DA:28,0
DA:29,0
DA:30,0
DA:33,0
DA:35,0
DA:36,0
DA:37,0
DA:40,0
DA:47,0
DA:48,0
DA:52,3
DA:53,0
DA:54,0
DA:55,0
DA:58,0
DA:60,0
DA:61,0
DA:62,0
DA:65,0
DA:71,0
DA:72,0
DA:76,3
DA:77,0
DA:78,0
DA:79,0
DA:82,3
DA:94,3
DA:98,0
DA:127,1
LF:31
LH:7
BRDA:24,0,0,3
BRDA:25,1,0,3
BRDA:28,2,0,0
BRDA:28,2,1,0
BRDA:35,3,0,0
BRDA:35,3,1,0
BRDA:47,4,0,0
BRDA:47,4,1,0
BRDA:47,5,0,0
BRDA:47,5,1,0
BRDA:53,6,0,0
BRDA:53,6,1,0
BRDA:60,7,0,0
BRDA:60,7,1,0
BRDA:71,8,0,0
BRDA:71,8,1,0
BRDA:71,9,0,0
BRDA:71,9,1,0
BRDA:105,10,0,3
BRDA:105,10,1,3
BRDA:120,11,0,3
BRDA:120,11,1,1
BRF:22
BRH:6
end_of_record
TN:
SF:src/components/LocationPicker.tsx
FN:21,(anonymous_0)
FN:30,(anonymous_1)
FN:34,(anonymous_2)
FN:41,(anonymous_3)
FN:71,(anonymous_4)
FNF:5
FNH:3
FNDA:3,(anonymous_0)
FNDA:3,(anonymous_1)
FNDA:3,(anonymous_2)
FNDA:0,(anonymous_3)
FNDA:0,(anonymous_4)
DA:21,1
DA:27,3
DA:28,3
DA:30,3
DA:31,3
DA:34,3
DA:35,3
DA:36,3
DA:37,0
DA:41,3
DA:42,0
DA:43,0
DA:44,0
DA:49,0
DA:54,0
DA:58,0
DA:63,0
DA:65,0
DA:67,0
DA:71,3
DA:72,0
DA:73,0
DA:74,0
DA:78,3
DA:123,1
LF:25
LH:12
BRDA:28,0,0,3
BRDA:28,0,1,1
BRDA:36,1,0,0
BRDA:36,1,1,3
BRDA:54,2,0,0
BRDA:54,2,1,0
BRDA:55,3,0,0
BRDA:55,3,1,0
BRDA:55,4,0,0
BRDA:55,4,1,0
BRDA:55,5,0,0
BRDA:55,5,1,0
BRDA:55,6,0,0
BRDA:55,6,1,0
BRDA:73,7,0,0
BRDA:73,7,1,0
BRDA:73,8,0,0
BRDA:73,8,1,0
BRDA:82,9,0,3
BRDA:82,9,1,2
BRDA:82,9,2,2
BRDA:94,10,0,0
BRDA:94,10,1,3
BRDA:116,11,0,3
BRDA:116,11,1,1
BRDA:116,11,2,1
BRF:26
BRH:10
end_of_record
TN:
SF:src/components/MapMarker.tsx
FN:15,(anonymous_0)
FN:26,(anonymous_1)
FNF:2
FNH:1
FNDA:4,(anonymous_0)
FNDA:0,(anonymous_1)
DA:15,1
DA:23,4
DA:24,4
DA:26,4
DA:27,0
DA:30,4
DA:42,1
LF:7
LH:6
BRDA:23,0,0,4
BRDA:23,0,1,0
BRDA:24,1,0,2
BRDA:24,1,1,2
BRDA:24,2,0,1
BRDA:24,2,1,1
BRF:6
BRH:5
end_of_record
TN:
SF:src/components/RescueCard.tsx
FN:26,(anonymous_0)
FN:33,(anonymous_1)
FNF:2
FNH:1
FNDA:5,(anonymous_0)
FNDA:0,(anonymous_1)
DA:11,1
DA:20,1
DA:26,1
DA:27,5
DA:28,5
DA:30,5
DA:33,0
DA:88,1
LF:8
LH:7
BRDA:27,0,0,5
BRDA:27,0,1,4
BRDA:28,1,0,5
BRDA:28,1,1,0
BRDA:38,2,0,5
BRDA:38,2,1,0
BRDA:38,3,0,5
BRDA:38,3,1,5
BRDA:47,4,0,0
BRDA:47,4,1,0
BRDA:47,5,0,0
BRDA:47,5,1,0
BRDA:69,6,0,5
BRDA:69,6,1,5
BRDA:78,7,0,5
BRDA:78,7,1,5
BRF:16
BRH:10
end_of_record
TN:
SF:src/constants/colors.ts
FNF:0
FNH:0
DA:3,4
DA:12,4
DA:32,4
DA:39,4
LF:4
LH:4
BRF:0
BRH:0
end_of_record
